2020-08-14T17:05:03+00:00 CRITICAL Class 'Elementor\Widget_Base' not found in C:\xampp2\htdocs\samee\wp-content\themes\bulk-shop\list_widget.php on line 9

2020-08-14T17:05:06+00:00 CRITICAL Class 'Elementor\Widget_Base' not found in C:\xampp2\htdocs\samee\wp-content\themes\bulk-shop\list_widget.php on line 9

2020-08-14T17:05:13+00:00 CRITICAL Class 'Elementor\Widget_Base' not found in C:\xampp2\htdocs\samee\wp-content\themes\bulk-shop\list_widget.php on line 9

2020-08-14T17:05:30+00:00 CRITICAL Class 'Elementor\Widget_Base' not found in C:\xampp2\htdocs\samee\wp-content\themes\bulk-shop\list_widget.php on line 9

2020-08-14T17:05:51+00:00 CRITICAL Class 'Elementor\Widget_Base' not found in C:\xampp2\htdocs\samee\wp-content\themes\bulk-shop\list_widget.php on line 9

2020-08-14T17:07:13+00:00 CRITICAL Class 'Elementor\Widget_Base' not found in C:\xampp2\htdocs\samee\wp-content\themes\bulk-shop\list_widget.php on line 9

2020-08-14T17:07:30+00:00 CRITICAL Class 'Elementor\Widget_Base' not found in C:\xampp2\htdocs\samee\wp-content\themes\bulk-shop\list_widget.php on line 9

2020-08-14T17:09:14+00:00 CRITICAL Class 'Elementor\Widget_Base' not found in C:\xampp2\htdocs\samee\wp-content\themes\bulk-shop\list_widget.php on line 9

2020-08-14T17:09:31+00:00 CRITICAL Class 'Elementor\Widget_Base' not found in C:\xampp2\htdocs\samee\wp-content\themes\bulk-shop\list_widget.php on line 9

2020-08-14T17:11:14+00:00 CRITICAL Class 'Elementor\Widget_Base' not found in C:\xampp2\htdocs\samee\wp-content\themes\bulk-shop\list_widget.php on line 9

2020-08-14T17:13:14+00:00 CRITICAL Class 'Elementor\Widget_Base' not found in C:\xampp2\htdocs\samee\wp-content\themes\bulk-shop\list_widget.php on line 9

2020-08-14T17:15:15+00:00 CRITICAL Class 'Elementor\Widget_Base' not found in C:\xampp2\htdocs\samee\wp-content\themes\bulk-shop\list_widget.php on line 9

2020-08-14T17:17:15+00:00 CRITICAL Class 'Elementor\Widget_Base' not found in C:\xampp2\htdocs\samee\wp-content\themes\bulk-shop\list_widget.php on line 9

2020-08-14T17:17:46+00:00 CRITICAL Class 'Elementor\Widget_Base' not found in C:\xampp2\htdocs\samee\wp-content\themes\bulk-shop\list_widget.php on line 9

2020-08-14T17:17:49+00:00 CRITICAL Class 'Elementor\Widget_Base' not found in C:\xampp2\htdocs\samee\wp-content\themes\bulk-shop\list_widget.php on line 9

2020-08-14T17:17:50+00:00 CRITICAL Class 'Elementor\Widget_Base' not found in C:\xampp2\htdocs\samee\wp-content\themes\bulk-shop\list_widget.php on line 9

2020-08-14T17:19:15+00:00 CRITICAL Class 'Elementor\Widget_Base' not found in C:\xampp2\htdocs\samee\wp-content\themes\bulk-shop\list_widget.php on line 9

2020-08-14T17:20:49+00:00 CRITICAL Class 'Elementor\Widget_Base' not found in C:\xampp2\htdocs\samee\wp-content\themes\bulk-shop\list_widget.php on line 10

2020-08-14T17:21:15+00:00 CRITICAL Class 'Elementor\Widget_Base' not found in C:\xampp2\htdocs\samee\wp-content\themes\bulk-shop\list_widget.php on line 10

2020-08-14T17:21:22+00:00 CRITICAL Class 'Elementor\Widget_Base' not found in C:\xampp2\htdocs\samee\wp-content\themes\bulk-shop\functions.php on line 189

2020-08-14T17:23:16+00:00 CRITICAL Class 'Elementor\Widget_Base' not found in C:\xampp2\htdocs\samee\wp-content\themes\bulk-shop\functions.php on line 189

2020-08-14T17:25:16+00:00 CRITICAL Class 'Elementor\Widget_Base' not found in C:\xampp2\htdocs\samee\wp-content\themes\bulk-shop\list_widget.php on line 10

2020-08-14T17:26:30+00:00 CRITICAL Class 'Elementor\Widget_Base' not found in C:\xampp2\htdocs\samee\wp-content\themes\bulk-shop\list_widget.php on line 10

2020-08-14T17:26:32+00:00 CRITICAL Class 'Elementor\Widget_Base' not found in C:\xampp2\htdocs\samee\wp-content\themes\bulk-shop\list_widget.php on line 10

2020-08-14T17:26:36+00:00 CRITICAL Class 'Elementor\Widget_Base' not found in C:\xampp2\htdocs\samee\wp-content\themes\bulk-shop\list_widget.php on line 10

2020-08-14T17:26:45+00:00 CRITICAL Class 'Elementor\Widget_Base' not found in C:\xampp2\htdocs\samee\wp-content\themes\bulk-shop\list_widget.php on line 10

2020-08-14T17:28:45+00:00 CRITICAL Class 'Elementor\Widget_Base' not found in C:\xampp2\htdocs\samee\wp-content\themes\bulk-shop\list_widget.php on line 10

2020-08-14T17:30:45+00:00 CRITICAL Class 'Elementor\Widget_Base' not found in C:\xampp2\htdocs\samee\wp-content\themes\bulk-shop\list_widget.php on line 10

2020-08-14T17:32:46+00:00 CRITICAL Class 'Elementor\Widget_Base' not found in C:\xampp2\htdocs\samee\wp-content\themes\bulk-shop\list_widget.php on line 10

2020-08-14T17:34:46+00:00 CRITICAL Class 'Elementor\Widget_Base' not found in C:\xampp2\htdocs\samee\wp-content\themes\bulk-shop\list_widget.php on line 10

2020-08-14T17:36:38+00:00 CRITICAL Namespace declaration statement has to be the very first statement or after any declare call in the script in C:\xampp2\htdocs\samee\wp-content\themes\bulk-shop\list_widget.php on line 33

2020-08-14T17:36:41+00:00 CRITICAL Namespace declaration statement has to be the very first statement or after any declare call in the script in C:\xampp2\htdocs\samee\wp-content\themes\bulk-shop\list_widget.php on line 33

2020-08-14T17:36:53+00:00 CRITICAL Namespace declaration statement has to be the very first statement or after any declare call in the script in C:\xampp2\htdocs\samee\wp-content\themes\bulk-shop\list_widget.php on line 33

2020-08-14T18:01:33+00:00 CRITICAL Uncaught Error: Class 'Elementor\WP_Query' not found in C:\xampp2\htdocs\samee\wp-content\themes\bulk-shop\list_widget.php:72
Stack trace:
#0 C:\xampp2\htdocs\samee\wp-content\plugins\elementor\includes\base\widget-base.php(531): Elementor\My_Widget_1->render()
#1 C:\xampp2\htdocs\samee\wp-content\plugins\elementor\includes\base\widget-base.php(661): Elementor\Widget_Base->render_content()
#2 C:\xampp2\htdocs\samee\wp-content\plugins\elementor\includes\base\element-base.php(642): Elementor\Widget_Base->_print_content()
#3 C:\xampp2\htdocs\samee\wp-content\plugins\elementor\includes\base\element-base.php(858): Elementor\Element_Base->print_element()
#4 C:\xampp2\htdocs\samee\wp-content\plugins\elementor\includes\base\element-base.php(642): Elementor\Element_Base->_print_content()
#5 C:\xampp2\htdocs\samee\wp-content\plugins\elementor\includes\base\element-base.php(858): Elementor\Element_Base->print_element()
#6 C:\xampp2\htdocs\samee\wp-content\plugins\elementor\includes\base\element-base.php(642): Elementor\ in C:\xampp2\htdocs\samee\wp-content\themes\bulk-shop\list_widget.php on line 72

2020-08-14T18:02:02+00:00 CRITICAL Uncaught Error: Class 'Elementor\WP_Query' not found in C:\xampp2\htdocs\samee\wp-content\themes\bulk-shop\list_widget.php:72
Stack trace:
#0 C:\xampp2\htdocs\samee\wp-content\plugins\elementor\includes\base\widget-base.php(531): Elementor\My_Widget_1->render()
#1 C:\xampp2\htdocs\samee\wp-content\plugins\elementor\includes\base\widget-base.php(661): Elementor\Widget_Base->render_content()
#2 C:\xampp2\htdocs\samee\wp-content\plugins\elementor\includes\base\element-base.php(642): Elementor\Widget_Base->_print_content()
#3 C:\xampp2\htdocs\samee\wp-content\plugins\elementor\includes\base\element-base.php(858): Elementor\Element_Base->print_element()
#4 C:\xampp2\htdocs\samee\wp-content\plugins\elementor\includes\base\element-base.php(642): Elementor\Element_Base->_print_content()
#5 C:\xampp2\htdocs\samee\wp-content\plugins\elementor\includes\base\element-base.php(858): Elementor\Element_Base->print_element()
#6 C:\xampp2\htdocs\samee\wp-content\plugins\elementor\includes\base\element-base.php(642): Elementor\ in C:\xampp2\htdocs\samee\wp-content\themes\bulk-shop\list_widget.php on line 72

2020-08-14T18:02:31+00:00 CRITICAL Uncaught Error: Class 'Elementor\WP_Query' not found in C:\xampp2\htdocs\samee\wp-content\themes\bulk-shop\list_widget.php:72
Stack trace:
#0 C:\xampp2\htdocs\samee\wp-content\plugins\elementor\includes\base\widget-base.php(531): Elementor\My_Widget_1->render()
#1 C:\xampp2\htdocs\samee\wp-content\plugins\elementor\includes\base\widget-base.php(661): Elementor\Widget_Base->render_content()
#2 C:\xampp2\htdocs\samee\wp-content\plugins\elementor\includes\base\element-base.php(642): Elementor\Widget_Base->_print_content()
#3 C:\xampp2\htdocs\samee\wp-content\plugins\elementor\includes\base\element-base.php(858): Elementor\Element_Base->print_element()
#4 C:\xampp2\htdocs\samee\wp-content\plugins\elementor\includes\base\element-base.php(642): Elementor\Element_Base->_print_content()
#5 C:\xampp2\htdocs\samee\wp-content\plugins\elementor\includes\base\element-base.php(858): Elementor\Element_Base->print_element()
#6 C:\xampp2\htdocs\samee\wp-content\plugins\elementor\includes\base\element-base.php(642): Elementor\ in C:\xampp2\htdocs\samee\wp-content\themes\bulk-shop\list_widget.php on line 72

2020-08-14T18:03:17+00:00 CRITICAL Uncaught Error: Class 'Elementor\WP_Query' not found in C:\xampp2\htdocs\samee\wp-content\themes\bulk-shop\list_widget.php:72
Stack trace:
#0 C:\xampp2\htdocs\samee\wp-content\plugins\elementor\includes\base\widget-base.php(531): Elementor\My_Widget_1->render()
#1 C:\xampp2\htdocs\samee\wp-content\plugins\elementor\includes\base\widget-base.php(661): Elementor\Widget_Base->render_content()
#2 C:\xampp2\htdocs\samee\wp-content\plugins\elementor\includes\base\element-base.php(642): Elementor\Widget_Base->_print_content()
#3 C:\xampp2\htdocs\samee\wp-content\plugins\elementor\includes\base\element-base.php(858): Elementor\Element_Base->print_element()
#4 C:\xampp2\htdocs\samee\wp-content\plugins\elementor\includes\base\element-base.php(642): Elementor\Element_Base->_print_content()
#5 C:\xampp2\htdocs\samee\wp-content\plugins\elementor\includes\base\element-base.php(858): Elementor\Element_Base->print_element()
#6 C:\xampp2\htdocs\samee\wp-content\plugins\elementor\includes\base\element-base.php(642): Elementor\ in C:\xampp2\htdocs\samee\wp-content\themes\bulk-shop\list_widget.php on line 72

2020-08-14T18:25:02+00:00 CRITICAL syntax error, unexpected '}', expecting ',' or ';' in C:\xampp2\htdocs\samee\wp-content\themes\bulk-shop\list_widget.php on line 79

2020-08-14T18:25:02+00:00 CRITICAL syntax error, unexpected '}', expecting ',' or ';' in C:\xampp2\htdocs\samee\wp-content\themes\bulk-shop\list_widget.php on line 79

2020-08-14T18:27:15+00:00 CRITICAL syntax error, unexpected 'type' (T_STRING) in C:\xampp2\htdocs\samee\wp-content\themes\bulk-shop\list_widget.php on line 82

2020-08-14T18:27:18+00:00 CRITICAL syntax error, unexpected 'type' (T_STRING) in C:\xampp2\htdocs\samee\wp-content\themes\bulk-shop\list_widget.php on line 82

2020-08-14T18:27:38+00:00 CRITICAL syntax error, unexpected '<' in C:\xampp2\htdocs\samee\wp-content\themes\bulk-shop\list_widget.php on line 76

2020-08-14T18:29:02+00:00 CRITICAL syntax error, unexpected '$out' (T_VARIABLE) in C:\xampp2\htdocs\samee\wp-content\themes\bulk-shop\list_widget.php on line 81

2020-08-14T18:29:02+00:00 CRITICAL syntax error, unexpected '$out' (T_VARIABLE) in C:\xampp2\htdocs\samee\wp-content\themes\bulk-shop\list_widget.php on line 81

2020-08-14T18:29:38+00:00 CRITICAL syntax error, unexpected '$out' (T_VARIABLE) in C:\xampp2\htdocs\samee\wp-content\themes\bulk-shop\list_widget.php on line 81

2020-08-14T18:29:54+00:00 CRITICAL syntax error, unexpected '$out' (T_VARIABLE) in C:\xampp2\htdocs\samee\wp-content\themes\bulk-shop\list_widget.php on line 81

2020-08-14T19:22:40+00:00 CRITICAL Uncaught Error: Call to undefined function Elementor\atp_pagination() in C:\xampp2\htdocs\samee\wp-content\themes\bulk-shop\list_widget.php:77
Stack trace:
#0 C:\xampp2\htdocs\samee\wp-content\plugins\elementor\includes\base\widget-base.php(531): Elementor\My_Widget_1->render()
#1 C:\xampp2\htdocs\samee\wp-content\plugins\elementor\includes\base\widget-base.php(661): Elementor\Widget_Base->render_content()
#2 C:\xampp2\htdocs\samee\wp-content\plugins\elementor\includes\base\element-base.php(642): Elementor\Widget_Base->_print_content()
#3 C:\xampp2\htdocs\samee\wp-content\plugins\elementor\includes\base\element-base.php(858): Elementor\Element_Base->print_element()
#4 C:\xampp2\htdocs\samee\wp-content\plugins\elementor\includes\base\element-base.php(642): Elementor\Element_Base->_print_content()
#5 C:\xampp2\htdocs\samee\wp-content\plugins\elementor\includes\base\element-base.php(858): Elementor\Element_Base->print_element()
#6 C:\xampp2\htdocs\samee\wp-content\plugins\elementor\includes\base\element-base.php in C:\xampp2\htdocs\samee\wp-content\themes\bulk-shop\list_widget.php on line 77

2020-08-14T19:25:22+00:00 CRITICAL Uncaught Error: Call to undefined function Elementor\atp_pagination() in C:\xampp2\htdocs\samee\wp-content\themes\bulk-shop\list_widget.php:77
Stack trace:
#0 C:\xampp2\htdocs\samee\wp-content\plugins\elementor\includes\base\widget-base.php(531): Elementor\My_Widget_1->render()
#1 C:\xampp2\htdocs\samee\wp-content\plugins\elementor\includes\base\widget-base.php(661): Elementor\Widget_Base->render_content()
#2 C:\xampp2\htdocs\samee\wp-content\plugins\elementor\includes\base\element-base.php(642): Elementor\Widget_Base->_print_content()
#3 C:\xampp2\htdocs\samee\wp-content\plugins\elementor\includes\base\element-base.php(858): Elementor\Element_Base->print_element()
#4 C:\xampp2\htdocs\samee\wp-content\plugins\elementor\includes\base\element-base.php(642): Elementor\Element_Base->_print_content()
#5 C:\xampp2\htdocs\samee\wp-content\plugins\elementor\includes\base\element-base.php(858): Elementor\Element_Base->print_element()
#6 C:\xampp2\htdocs\samee\wp-content\plugins\elementor\includes\base\element-base.php in C:\xampp2\htdocs\samee\wp-content\themes\bulk-shop\list_widget.php on line 77

